[0419/101723.276:INFO:CONSOLE(152)] "Event handler of 'x-storagemutated-1' event must be added on the initial evaluation of worker script.", source: https://static.whatsapp.net/rsrc.php/v4/yz/r/zNhh_Nw_x5q.js (152)
[0419/101726.261:INFO:CONSOLE(0)] "Error with Permissions-Policy header: Feature xr-spatial-tracking's parameters are ignored.", source:  (0)
[0419/101726.261:INFO:CONSOLE(0)] "Error with Permissions-Policy header: Origin trial controlled feature not enabled: 'attribution-reporting'.", source:  (0)
[0419/101726.261:INFO:CONSOLE(0)] "Error with Permissions-Policy header: Unrecognized feature: 'compute-pressure'.", source:  (0)
[0419/101726.263:INFO:CONSOLE(0)] "Error with Permissions-Policy header: Origin trial controlled feature not enabled: 'interest-cohort'.", source:  (0)
[0419/101726.263:INFO:CONSOLE(0)] "Error with Permissions-Policy header: Unrecognized feature: 'private-state-token-issuance'.", source:  (0)
[0419/101726.263:INFO:CONSOLE(0)] "Error with Permissions-Policy header: Origin trial controlled feature not enabled: 'shared-storage'.", source:  (0)
[0419/101726.263:INFO:CONSOLE(0)] "Error with Permissions-Policy header: Unrecognized feature: 'shared-storage-select-url'.", source:  (0)
[0419/101726.263:INFO:CONSOLE(0)] "Error with Permissions-Policy header: Unrecognized feature: 'private-state-token-redemption'.", source:  (0)
[0419/101726.263:INFO:CONSOLE(0)] "Error with Permissions-Policy header: Unrecognized feature: 'unload'.", source:  (0)
[0419/101726.263:INFO:CONSOLE(0)] "Error with Permissions-Policy header: Unrecognized feature: 'window-management'.", source:  (0)
[0419/101727.565:ERROR:entry_impl.cc(1072)] No file for 8000000a
[0419/101727.570:ERROR:entry_impl.cc(1072)] No file for 8000000b
[0419/101727.572:ERROR:entry_impl.cc(1072)] No file for 8000000c
[0419/101727.572:ERROR:entry_impl.cc(1072)] No file for 80000011
[0419/101727.572:ERROR:entry_impl.cc(1072)] No file for 8000000e
[0419/101727.572:ERROR:entry_impl.cc(1072)] No file for 80000012
[0419/101727.573:ERROR:entry_impl.cc(1072)] No file for 8000000f
[0419/101727.573:ERROR:entry_impl.cc(1072)] No file for 80000013
[0419/101727.573:ERROR:entry_impl.cc(1072)] No file for 8000000d
[0419/101727.656:ERROR:entry_impl.cc(1072)] No file for 80000014
[0419/101729.230:ERROR:entry_impl.cc(1072)] No file for 80000015
[0419/101729.235:INFO:CONSOLE(1)] "Uncaught NetworkError: Failed to execute 'importScripts' on 'WorkerGlobalScope': The script at 'https://static.whatsapp.net/rsrc.php/v4/yI/r/AUeOOB84jJU.js' failed to load.", source: https://web.whatsapp.com/static_resources/webworker_v1/init_script/?__hs=20197.HYP%3Awhatsapp_comet_pkg.2.1...1&__spin_r=1022049426&__spin_b=trunk&__spin_t=1745038042 (1)
[0419/101729.365:INFO:CONSOLE(152)] "Event handler of 'x-storagemutated-1' event must be added on the initial evaluation of worker script.", source: https://static.whatsapp.net/rsrc.php/v4/yz/r/zNhh_Nw_x5q.js (152)
[0419/101733.273:ERROR:entry_impl.cc(1072)] No file for 80000019
[0419/101733.274:ERROR:entry_impl.cc(1072)] No file for 80000018
